2013/10/17 16:02:50 INFO  - jmeter.util.JMeterUtils: Setting Locale to en_GB 
2013/10/17 16:02:51 INFO  - jmeter.JMeter: Loading user properties from: C:\Users\niv\Documents\GitHub\weblogic\tools\external tools\apache-jmeter-2.9\bin\user.properties 
2013/10/17 16:02:51 INFO  - jmeter.JMeter: Loading system properties from: C:\Users\niv\Documents\GitHub\weblogic\tools\external tools\apache-jmeter-2.9\bin\system.properties 
2013/10/17 16:02:51 INFO  - jmeter.JMeter: Copyright (c) 1998-2013 The Apache Software Foundation 
2013/10/17 16:02:51 INFO  - jmeter.JMeter: Version 2.9 r1437961 
2013/10/17 16:02:51 INFO  - jmeter.JMeter: java.version=1.7.0_45 
2013/10/17 16:02:51 INFO  - jmeter.JMeter: java.vm.name=Java HotSpot(TM) 64-Bit Server VM 
2013/10/17 16:02:51 INFO  - jmeter.JMeter: os.name=Windows 7 
2013/10/17 16:02:51 INFO  - jmeter.JMeter: os.arch=amd64 
2013/10/17 16:02:51 INFO  - jmeter.JMeter: os.version=6.1 
2013/10/17 16:02:51 INFO  - jmeter.JMeter: file.encoding=Cp1252 
2013/10/17 16:02:51 INFO  - jmeter.JMeter: Default Locale=English (United Kingdom) 
2013/10/17 16:02:51 INFO  - jmeter.JMeter: JMeter  Locale=English (United Kingdom) 
2013/10/17 16:02:51 INFO  - jmeter.JMeter: JMeterHome=C:\Users\niv\Documents\GitHub\weblogic\tools\external tools\apache-jmeter-2.9 
2013/10/17 16:02:51 INFO  - jmeter.JMeter: user.dir  =C:\Users\niv\Documents\GitHub\weblogic\tools\external tools\apache-jmeter-2.9\bin 
2013/10/17 16:02:51 INFO  - jmeter.JMeter: PWD       =C:\Users\niv\Documents\GitHub\weblogic\tools\external tools\apache-jmeter-2.9\bin 
2013/10/17 16:02:52 INFO  - jmeter.JMeter: IP: 10.4.177.75 Name: NIV FullName: NIV.smals-mvm.be 
2013/10/17 16:02:52 INFO  - jmeter.JMeter: Loaded icon properties from org/apache/jmeter/images/icon.properties 
2013/10/17 16:02:55 INFO  - jmeter.engine.util.CompoundVariable: Note: Function class names must contain the string: '.functions.' 
2013/10/17 16:02:55 INFO  - jmeter.engine.util.CompoundVariable: Note: Function class names must not contain the string: '.gui.' 
2013/10/17 16:02:58 INFO  - jmeter.gui.action.LookAndFeelCommand: Using look and feel: javax.swing.plaf.metal.MetalLookAndFeel [Metal, CrossPlatform] 
2013/10/17 16:03:00 INFO  - jmeter.util.BSFTestElement: Registering JMeter version of JavaScript engine as work-round for BSF-22 
2013/10/17 16:03:01 INFO  - jmeter.protocol.http.sampler.HTTPSamplerBase: Cannot find .className property for htmlParser, using default 
2013/10/17 16:03:01 INFO  - jmeter.protocol.http.sampler.HTTPSamplerBase: Parser for text/html is  
2013/10/17 16:03:01 INFO  - jmeter.protocol.http.sampler.HTTPSamplerBase: Parser for application/xhtml+xml is  
2013/10/17 16:03:01 INFO  - jmeter.protocol.http.sampler.HTTPSamplerBase: Parser for application/xml is  
2013/10/17 16:03:01 INFO  - jmeter.protocol.http.sampler.HTTPSamplerBase: Parser for text/xml is  
2013/10/17 16:03:01 INFO  - jmeter.protocol.http.sampler.HTTPSamplerBase: Parser for text/vnd.wap.wml is org.apache.jmeter.protocol.http.parser.RegexpHTMLParser 
2013/10/17 16:03:01 INFO  - jmeter.protocol.http.sampler.HTTPSamplerBase: Reuse SSL session context on subsequent iterations: true 
2013/10/17 16:03:01 INFO  - jmeter.gui.util.MenuFactory: Skipping org.apache.jmeter.protocol.http.modifier.gui.ParamModifierGui 
2013/10/17 16:03:05 INFO  - jmeter.samplers.SampleResult: Note: Sample TimeStamps are START times 
2013/10/17 16:03:05 INFO  - jmeter.samplers.SampleResult: sampleresult.default.encoding is set to ISO-8859-1 
2013/10/17 16:03:05 INFO  - jmeter.samplers.SampleResult: sampleresult.useNanoTime=true 
2013/10/17 16:03:05 INFO  - jmeter.samplers.SampleResult: sampleresult.nanoThreadSleep=5000 
2013/10/17 16:04:42 INFO  - jmeter.engine.StandardJMeterEngine: Listeners will be started after enabling running version 
2013/10/17 16:04:42 INFO  - jmeter.engine.StandardJMeterEngine: To revert to the earlier behaviour, define jmeterengine.startlistenerslater=false 
2013/10/17 16:04:42 INFO  - jmeter.engine.StandardJMeterEngine: Running the test! 
2013/10/17 16:04:42 ERROR - jmeter.JMeter: Uncaught exception:  java.lang.IllegalArgumentException: Variable Name must not be empty for element:JDBC Connection Configuration
	at org.apache.jmeter.protocol.jdbc.config.DataSourceElement.testStarted(DataSourceElement.java:99)
	at org.apache.jmeter.engine.StandardJMeterEngine.notifyTestListenersOfStart(StandardJMeterEngine.java:209)
	at org.apache.jmeter.engine.StandardJMeterEngine.run(StandardJMeterEngine.java:325)
	at java.lang.Thread.run(Unknown Source)

